<?xml version="1.0" encoding="UTF-8"?>
<!-- Generated by org.testng.reporters.JUnitReportReporter -->
<testsuite hostname="LAPTOP-OJE48H2V" failures="0" tests="6" name="testCases.TC003_LoginDTT" time="29.721" errors="0" timestamp="2025-04-18T22:46:05 IST" skipped="0">
  <testcase classname="testCases.TC003_LoginDTT" name="verify_loginDDT" time="11.011"/>
  <system-out/>
  <testcase classname="testCases.TC003_LoginDTT" name="verify_loginDDT" time="11.165"/>
  <system-out/>
  <testcase classname="testCases.TC003_LoginDTT" name="verify_loginDDT" time="2.022"/>
  <system-out/>
  <testcase classname="testCases.TC003_LoginDTT" name="verify_loginDDT" time="1.954"/>
  <system-out/>
  <testcase classname="testCases.TC003_LoginDTT" name="verify_loginDDT" time="1.934"/>
  <system-out/>
  <testcase classname="testCases.TC003_LoginDTT" name="verify_loginDDT" time="1.635"/>
  <system-out/>
</testsuite> <!-- testCases.TC003_LoginDTT -->
