<?xml version="1.0" encoding="UTF-8"?>
<!-- Generated by org.testng.reporters.JUnitReportReporter -->
<testsuite hostname="LAPTOP-OJE48H2V" failures="0" tests="1" name="testCases.TC001_AcountRegistrationTest" time="1.469" errors="0" timestamp="2025-04-19T15:47:56 IST" skipped="0">
  <testcase classname="testCases.TC001_AcountRegistrationTest" name="verify_account_registration" time="1.469"/>
  <system-out/>
</testsuite> <!-- testCases.TC001_AcountRegistrationTest -->
