<?xml version="1.0" encoding="UTF-8"?>
<!-- Generated by org.testng.reporters.JUnitReportReporter -->
<testsuite hostname="LAPTOP-OJE48H2V" failures="0" tests="1" name="testCases.TC002_LoginTest" time="1.170" errors="0" timestamp="2025-04-19T15:47:56 IST" skipped="0">
  <testcase classname="testCases.TC002_LoginTest" name="verify_Login" time="1.170"/>
  <system-out/>
</testsuite> <!-- testCases.TC002_LoginTest -->
